Using pre-set license
Built from '2022.3/staging' branch; Version is '2022.3.9f1 (ea401c316338) revision 15351836'; Using compiler version '192829333'; Build Type 'Release'
OS: 'Windows 11  (10.0.22621) 64bit CoreSingleLanguage' Language: 'en' Physical Memory: 7896 MB
BatchMode: 1, IsHumanControllingUs: 0, StartBugReporterOnCrash: 0, Is64bit: 1, IsPro: 1

COMMAND LINE ARGUMENTS:
C:\Program Files\Unity\Hub\Editor\2022.3.9f1\Editor\Unity.exe
-adb2
-batchMode
-noUpm
-name
AssetImportWorker1
-projectPath
C:/Users/TRUONG/Desktop/Time-Travel
-logFile
Logs/AssetImportWorker1.log
-srvPort
54525
Successfully changed project path to: C:/Users/TRUONG/Desktop/Time-Travel
C:/Users/TRUONG/Desktop/Time-Travel
[UnityMemory] Configuration Parameters - Can be set up in boot.config
    "memorysetup-bucket-allocator-granularity=16"
    "memorysetup-bucket-allocator-bucket-count=8"
    "memorysetup-bucket-allocator-block-size=33554432"
    "memorysetup-bucket-allocator-block-count=8"
    "memorysetup-main-allocator-block-size=16777216"
    "memorysetup-thread-allocator-block-size=16777216"
    "memorysetup-gfx-main-allocator-block-size=16777216"
    "memorysetup-gfx-thread-allocator-block-size=16777216"
    "memorysetup-cache-allocator-block-size=4194304"
    "memorysetup-typetree-allocator-block-size=2097152"
    "memorysetup-profiler-bucket-allocator-granularity=16"
    "memorysetup-profiler-bucket-allocator-bucket-count=8"
    "memorysetup-profiler-bucket-allocator-block-size=33554432"
    "memorysetup-profiler-bucket-allocator-block-count=8"
    "memorysetup-profiler-allocator-block-size=16777216"
    "memorysetup-profiler-editor-allocator-block-size=1048576"
    "memorysetup-temp-allocator-size-main=16777216"
    "memorysetup-job-temp-allocator-block-size=2097152"
    "memorysetup-job-temp-allocator-block-size-background=1048576"
    "memorysetup-job-temp-allocator-reduction-small-platforms=262144"
    "memorysetup-allocator-temp-initial-block-size-main=262144"
    "memorysetup-allocator-temp-initial-block-size-worker=262144"
    "memorysetup-temp-allocator-size-background-worker=32768"
    "memorysetup-temp-allocator-size-job-worker=262144"
    "memorysetup-temp-allocator-size-preload-manager=33554432"
    "memorysetup-temp-allocator-size-nav-mesh-worker=65536"
    "memorysetup-temp-allocator-size-audio-worker=65536"
    "memorysetup-temp-allocator-size-cloud-worker=32768"
    "memorysetup-temp-allocator-size-gi-baking-worker=262144"
    "memorysetup-temp-allocator-size-gfx=262144"
Player connection [2820] Host "[IP] 192.168.1.14 [Port] 0 [Flags] 2 [Guid] 975682297 [EditorId] 975682297 [Version] 1048832 [Id] WindowsEditor(7,LAPTOP-6JE4C5NA) [Debug] 1 [PackageName] WindowsEditor [ProjectName] Editor" joined multi-casting on [225.0.0.222:54997]...

Player connection [2820] Host "[IP] 192.168.1.14 [Port] 0 [Flags] 2 [Guid] 975682297 [EditorId] 975682297 [Version] 1048832 [Id] WindowsEditor(7,LAPTOP-6JE4C5NA) [Debug] 1 [PackageName] WindowsEditor [ProjectName] Editor" joined alternative multi-casting on [225.0.0.222:34997]...

[Physics::Module] Initialized MultithreadedJobDispatcher with 11 workers.
Refreshing native plugins compatible for Editor in 744.49 ms, found 4 plugins.
Preloading 0 native plugins for Editor in 0.00 ms.
Initialize engine version: 2022.3.9f1 (ea401c316338)
[Subsystems] Discovering subsystems at path C:/Program Files/Unity/Hub/Editor/2022.3.9f1/Editor/Data/Resources/UnitySubsystems
[Subsystems] Discovering subsystems at path C:/Users/TRUONG/Desktop/Time-Travel/Assets
GfxDevice: creating device client; threaded=0; jobified=0
Direct3D:
    Version:  Direct3D 11.0 [level 11.1]
    Renderer: NVIDIA GeForce GTX 1650 (ID=0x1f9d)
    Vendor:   NVIDIA
    VRAM:     3938 MB
    Driver:   31.0.15.5176
Initialize mono
Mono path[0] = 'C:/Program Files/Unity/Hub/Editor/2022.3.9f1/Editor/Data/Managed'
Mono path[1] = 'C:/Program Files/Unity/Hub/Editor/2022.3.9f1/Editor/Data/MonoBleedingEdge/lib/mono/unityjit-win32'
Mono config path = 'C:/Program Files/Unity/Hub/Editor/2022.3.9f1/Editor/Data/MonoBleedingEdge/etc'
Using monoOptions --debugger-agent=transport=dt_socket,embedding=1,server=y,suspend=n,address=127.0.0.1:56908
Begin MonoManager ReloadAssembly
Registering precompiled unity dll's ...
Register platform support module: C:/Program Files/Unity/Hub/Editor/2022.3.9f1/Editor/Data/PlaybackEngines/WebGLSupport/UnityEditor.WebGL.Extensions.dll
Register platform support module: C:/Program Files/Unity/Hub/Editor/2022.3.9f1/Editor/Data/PlaybackEngines/AndroidPlayer/UnityEditor.Android.Extensions.dll
Register platform support module: C:/Program Files/Unity/Hub/Editor/2022.3.9f1/Editor/Data/PlaybackEngines/WindowsStandaloneSupport/UnityEditor.WindowsStandalone.Extensions.dll
Registered in 0.014223 seconds.
- Loaded All Assemblies, in  4.279 seconds
Native extension for WindowsStandalone target not found
Native extension for Android target not found
Android Extension - Scanning For ADB Devices 302 ms
Native extension for WebGL target not found
Mono: successfully reloaded assembly
- Finished resetting the current domain, in  0.626 seconds
Domain Reload Profiling: 4902ms
	BeginReloadAssembly (3955ms)
		ExecutionOrderSort (0ms)
		DisableScriptedObjects (0ms)
		BackupInstance (0ms)
		ReleaseScriptingObjects (0ms)
		CreateAndSetChildDomain (1ms)
	RebuildCommonClasses (40ms)
	RebuildNativeTypeToScriptingClass (10ms)
	initialDomainReloadingComplete (76ms)
	LoadAllAssembliesAndSetupDomain (195ms)
		LoadAssemblies (3952ms)
		RebuildTransferFunctionScriptingTraits (0ms)
		AnalyzeDomain (191ms)
			TypeCache.Refresh (189ms)
				TypeCache.ScanAssembly (176ms)
			ScanForSourceGeneratedMonoScriptInfo (0ms)
			ResolveRequiredComponents (0ms)
	FinalizeReload (626ms)
		ReleaseScriptCaches (0ms)
		RebuildScriptCaches (0ms)
		SetupLoadedEditorAssemblies (569ms)
			LogAssemblyErrors (0ms)
			InitializePlatformSupportModulesInManaged (403ms)
			SetLoadedEditorAssemblies (4ms)
			RefreshPlugins (0ms)
			BeforeProcessingInitializeOnLoad (2ms)
			ProcessInitializeOnLoadAttributes (85ms)
			ProcessInitializeOnLoadMethodAttributes (74ms)
			AfterProcessingInitializeOnLoad (0ms)
			EditorAssembliesLoaded (0ms)
		ExecutionOrderSort2 (0ms)
		AwakeInstancesAfterBackupRestoration (0ms)
========================================================================
Worker process is ready to serve import requests
Begin MonoManager ReloadAssembly
- Loaded All Assemblies, in  4.246 seconds
Refreshing native plugins compatible for Editor in 4.75 ms, found 4 plugins.
Native extension for WindowsStandalone target not found
Native extension for Android target not found
Native extension for WebGL target not found
Package Manager log level set to [2]
[Package Manager] Server::EnsureServerProcessIsRunning -- launch failed, reason: Unity was launched with the -noUpm command-line argument
[Package Manager] UpmClient::Send -- Unable to send message (not connected to UPM process).
[Package Manager] Cannot connect to Unity Package Manager local server
Mono: successfully reloaded assembly
- Finished resetting the current domain, in  1.033 seconds
Domain Reload Profiling: 5280ms
	BeginReloadAssembly (343ms)
		ExecutionOrderSort (0ms)
		DisableScriptedObjects (5ms)
		BackupInstance (0ms)
		ReleaseScriptingObjects (0ms)
		CreateAndSetChildDomain (29ms)
	RebuildCommonClasses (33ms)
	RebuildNativeTypeToScriptingClass (10ms)
	initialDomainReloadingComplete (43ms)
	LoadAllAssembliesAndSetupDomain (3816ms)
		LoadAssemblies (3772ms)
		RebuildTransferFunctionScriptingTraits (0ms)
		AnalyzeDomain (311ms)
			TypeCache.Refresh (262ms)
				TypeCache.ScanAssembly (227ms)
			ScanForSourceGeneratedMonoScriptInfo (37ms)
			ResolveRequiredComponents (11ms)
	FinalizeReload (1034ms)
		ReleaseScriptCaches (0ms)
		RebuildScriptCaches (0ms)
		SetupLoadedEditorAssemblies (809ms)
			LogAssemblyErrors (0ms)
			InitializePlatformSupportModulesInManaged (35ms)
			SetLoadedEditorAssemblies (7ms)
			RefreshPlugins (0ms)
			BeforeProcessingInitializeOnLoad (92ms)
			ProcessInitializeOnLoadAttributes (556ms)
			ProcessInitializeOnLoadMethodAttributes (112ms)
			AfterProcessingInitializeOnLoad (6ms)
			EditorAssembliesLoaded (0ms)
		ExecutionOrderSort2 (0ms)
		AwakeInstancesAfterBackupRestoration (8ms)
Launched and connected shader compiler UnityShaderCompiler.exe after 0.06 seconds
Refreshing native plugins compatible for Editor in 5.13 ms, found 4 plugins.
Preloading 0 native plugins for Editor in 0.00 ms.
Unloading 5697 Unused Serialized files (Serialized files now loaded: 0)
Unloading 89 unused Assets / (0.5 MB). Loaded Objects now: 6165.
Memory consumption went from 217.3 MB to 216.8 MB.
Total: 5.942500 ms (FindLiveObjects: 0.358600 ms CreateObjectMapping: 0.192300 ms MarkObjects: 4.765400 ms  DeleteObjects: 0.623800 ms)

AssetImportParameters requested are different than current active one (requested -> active):
  custom:container-demuxer-ogg: 62fdf1f143b41e24485cea50d1cbac27 -> 
  custom:video-decoder-ogg-theora: a1e56fd34408186e4bbccfd4996cb3dc -> 
  custom:framework-win-MediaFoundation: 216162199b28c13a410421893ffa2e32 -> 
  custom:CustomObjectIndexerAttribute: a3ef5dd2817f97addfee359851a9dba5 -> 
  custom:container-demuxer-webm: 4f35f7cbe854078d1ac9338744f61a02 -> 
  custom:container-muxer-webm: aa71ff27fc2769a1b78a27578f13a17b -> 
  custom:video-decoder-webm-vp8: 9c59270c3fd7afecdb556c50c9e8de78 -> 
  custom:SearchIndexIgnoredProperties: e643bd26f0fe6173181afceb89e7c659 -> 
  custom:AudioImporter_EditorPlatform: d09bf68614088b80899f8185d706f6e7 -> 
  custom:video-encoder-webm-vp8: eb34c28f22e8b96e1ab97ce403110664 -> 
  custom:audio-decoder-ogg-vorbis: bf7c407c2cedff20999df2af8eb42d56 -> 
  custom:audio-encoder-webm-vorbis: bf7c407c2cedff20999df2af8eb42d56 -> 
========================================================================
Received Prepare
Begin MonoManager ReloadAssembly
- Loaded All Assemblies, in  1.410 seconds
Refreshing native plugins compatible for Editor in 5.97 ms, found 4 plugins.
Native extension for WindowsStandalone target not found
Native extension for Android target not found
Native extension for WebGL target not found
[Package Manager] Server::EnsureServerProcessIsRunning -- launch failed, reason: Unity was launched with the -noUpm command-line argument
[Package Manager] UpmClient::Send -- Unable to send message (not connected to UPM process).
[Package Manager] Cannot connect to Unity Package Manager local server
Mono: successfully reloaded assembly
- Finished resetting the current domain, in 35.892 seconds
Domain Reload Profiling: 37297ms
	BeginReloadAssembly (649ms)
		ExecutionOrderSort (0ms)
		DisableScriptedObjects (97ms)
		BackupInstance (0ms)
		ReleaseScriptingObjects (1ms)
		CreateAndSetChildDomain (274ms)
	RebuildCommonClasses (37ms)
	RebuildNativeTypeToScriptingClass (13ms)
	initialDomainReloadingComplete (52ms)
	LoadAllAssembliesAndSetupDomain (654ms)
		LoadAssemblies (728ms)
		RebuildTransferFunctionScriptingTraits (0ms)
		AnalyzeDomain (85ms)
			TypeCache.Refresh (32ms)
				TypeCache.ScanAssembly (3ms)
			ScanForSourceGeneratedMonoScriptInfo (36ms)
			ResolveRequiredComponents (17ms)
	FinalizeReload (35893ms)
		ReleaseScriptCaches (0ms)
		RebuildScriptCaches (0ms)
		SetupLoadedEditorAssemblies (1160ms)
			LogAssemblyErrors (0ms)
			InitializePlatformSupportModulesInManaged (59ms)
			SetLoadedEditorAssemblies (9ms)
			RefreshPlugins (0ms)
			BeforeProcessingInitializeOnLoad (159ms)
			ProcessInitializeOnLoadAttributes (748ms)
			ProcessInitializeOnLoadMethodAttributes (172ms)
			AfterProcessingInitializeOnLoad (12ms)
			EditorAssembliesLoaded (1ms)
		ExecutionOrderSort2 (0ms)
		AwakeInstancesAfterBackupRestoration (32ms)
Refreshing native plugins compatible for Editor in 17.74 ms, found 4 plugins.
Preloading 0 native plugins for Editor in 0.00 ms.
Unloading 5594 Unused Serialized files (Serialized files now loaded: 0)
Unloading 53 unused Assets / (0.5 MB). Loaded Objects now: 6170.
Memory consumption went from 192.2 MB to 191.7 MB.
Total: 17.746900 ms (FindLiveObjects: 1.110200 ms CreateObjectMapping: 0.849400 ms MarkObjects: 13.319600 ms  DeleteObjects: 2.463600 ms)

Prepare: number of updated asset objects reloaded= 0
AssetImportParameters requested are different than current active one (requested -> active):
  custom:container-demuxer-ogg: 62fdf1f143b41e24485cea50d1cbac27 -> 
  custom:video-decoder-ogg-theora: a1e56fd34408186e4bbccfd4996cb3dc -> 
  custom:framework-win-MediaFoundation: 216162199b28c13a410421893ffa2e32 -> 
  custom:CustomObjectIndexerAttribute: a3ef5dd2817f97addfee359851a9dba5 -> 
  custom:container-demuxer-webm: 4f35f7cbe854078d1ac9338744f61a02 -> 
  custom:container-muxer-webm: aa71ff27fc2769a1b78a27578f13a17b -> 
  custom:video-decoder-webm-vp8: 9c59270c3fd7afecdb556c50c9e8de78 -> 
  custom:SearchIndexIgnoredProperties: e643bd26f0fe6173181afceb89e7c659 -> 
  custom:AudioImporter_EditorPlatform: d09bf68614088b80899f8185d706f6e7 -> 
  custom:video-encoder-webm-vp8: eb34c28f22e8b96e1ab97ce403110664 -> 
  custom:audio-decoder-ogg-vorbis: bf7c407c2cedff20999df2af8eb42d56 -> 
  custom:audio-encoder-webm-vorbis: bf7c407c2cedff20999df2af8eb42d56 -> 
========================================================================
Received Prepare
Refreshing native plugins compatible for Editor in 38.72 ms, found 4 plugins.
Preloading 0 native plugins for Editor in 0.00 ms.
Unloading 7 Unused Serialized files (Serialized files now loaded: 0)
Unloading 8 unused Assets / (0.5 MB). Loaded Objects now: 6170.
Memory consumption went from 106.2 MB to 105.7 MB.
Total: 10.123300 ms (FindLiveObjects: 1.189900 ms CreateObjectMapping: 0.866800 ms MarkObjects: 7.313800 ms  DeleteObjects: 0.749300 ms)

Prepare: number of updated asset objects reloaded= 0
AssetImportParameters requested are different than current active one (requested -> active):
  custom:container-demuxer-ogg: 62fdf1f143b41e24485cea50d1cbac27 -> 
  custom:video-decoder-ogg-theora: a1e56fd34408186e4bbccfd4996cb3dc -> 
  custom:framework-win-MediaFoundation: 216162199b28c13a410421893ffa2e32 -> 
  custom:CustomObjectIndexerAttribute: a3ef5dd2817f97addfee359851a9dba5 -> 
  custom:container-demuxer-webm: 4f35f7cbe854078d1ac9338744f61a02 -> 
  custom:container-muxer-webm: aa71ff27fc2769a1b78a27578f13a17b -> 
  custom:video-decoder-webm-vp8: 9c59270c3fd7afecdb556c50c9e8de78 -> 
  custom:SearchIndexIgnoredProperties: e643bd26f0fe6173181afceb89e7c659 -> 
  custom:AudioImporter_EditorPlatform: d09bf68614088b80899f8185d706f6e7 -> 
  custom:video-encoder-webm-vp8: eb34c28f22e8b96e1ab97ce403110664 -> 
  custom:audio-decoder-ogg-vorbis: bf7c407c2cedff20999df2af8eb42d56 -> 
  custom:audio-encoder-webm-vorbis: bf7c407c2cedff20999df2af8eb42d56 -> 
========================================================================
Received Import Request.
  Time since last request: 13101.853495 seconds.
  path: Assets/Scenes/FailScreen.unity
  artifactKey: Guid(6d41fd0dd0aefbd4199adcffbb2382fd) Importer(815301076,1909f56bfc062723c751e8b465ee728b)
Start importing Assets/Scenes/FailScreen.unity using Guid(6d41fd0dd0aefbd4199adcffbb2382fd) Importer(815301076,1909f56bfc062723c751e8b465ee728b)  -> (artifact id: '6b4637585cdd1abe928a934d011cbdb4') in 0.281040 seconds
Number of updated asset objects reloaded before import = 0
Number of asset objects unloaded after import = 0
========================================================================
Received Import Request.
  Time since last request: 23.151015 seconds.
  path: Assets/Scenes/FireScreen.unity
  artifactKey: Guid(fc34ed1971d2bd540bd60b5462c25a49) Importer(815301076,1909f56bfc062723c751e8b465ee728b)
Start importing Assets/Scenes/FireScreen.unity using Guid(fc34ed1971d2bd540bd60b5462c25a49) Importer(815301076,1909f56bfc062723c751e8b465ee728b)  -> (artifact id: '1beab26264ca87aeb5b04eaf136031a6') in 0.002410 seconds
Number of updated asset objects reloaded before import = 0
Number of asset objects unloaded after import = 0
========================================================================
Received Import Request.
  Time since last request: 15.767041 seconds.
  path: Assets/Scenes/MetalScreen.unity
  artifactKey: Guid(4710d601018ea174e9c466b800007fa1) Importer(815301076,1909f56bfc062723c751e8b465ee728b)
Start importing Assets/Scenes/MetalScreen.unity using Guid(4710d601018ea174e9c466b800007fa1) Importer(815301076,1909f56bfc062723c751e8b465ee728b)  -> (artifact id: '15e87691aaccab86774674f0f21b0943') in 0.003389 seconds
Number of updated asset objects reloaded before import = 0
Number of asset objects unloaded after import = 0
========================================================================
Received Import Request.
  Time since last request: 2.802178 seconds.
  path: Assets/Scenes/WaterScreen.unity
  artifactKey: Guid(7fa5705ab622f214dab49dcc61f34cbb) Importer(815301076,1909f56bfc062723c751e8b465ee728b)
Start importing Assets/Scenes/WaterScreen.unity using Guid(7fa5705ab622f214dab49dcc61f34cbb) Importer(815301076,1909f56bfc062723c751e8b465ee728b)  -> (artifact id: 'a285cdf5983669ba6bb2a94d9cbeadb8') in 0.002358 seconds
Number of updated asset objects reloaded before import = 0
Number of asset objects unloaded after import = 0
========================================================================
Received Import Request.
  Time since last request: 12.527048 seconds.
  path: Assets/Scenes/WaterScreen.unity
  artifactKey: Guid(7fa5705ab622f214dab49dcc61f34cbb) Importer(815301076,1909f56bfc062723c751e8b465ee728b)
Start importing Assets/Scenes/WaterScreen.unity using Guid(7fa5705ab622f214dab49dcc61f34cbb) Importer(815301076,1909f56bfc062723c751e8b465ee728b)  -> (artifact id: '212614599b896a14d7dcb56de37dce72') in 0.001664 seconds
Number of updated asset objects reloaded before import = 0
Number of asset objects unloaded after import = 0
========================================================================
Received Import Request.
  Time since last request: 0.921398 seconds.
  path: Assets/Scenes/WoodScreen.unity
  artifactKey: Guid(5cb5037aa299b7545abf31819fca6851) Importer(815301076,1909f56bfc062723c751e8b465ee728b)
Start importing Assets/Scenes/WoodScreen.unity using Guid(5cb5037aa299b7545abf31819fca6851) Importer(815301076,1909f56bfc062723c751e8b465ee728b)  -> (artifact id: '7ea8fa215a55936d5799495b254af095') in 0.003459 seconds
Number of updated asset objects reloaded before import = 0
Number of asset objects unloaded after import = 0
========================================================================
Received Import Request.
  Time since last request: 27.799720 seconds.
  path: Assets/NPC.prefab
  artifactKey: Guid(b6e0915cc59c32e48b491dabb3729b35) Importer(815301076,1909f56bfc062723c751e8b465ee728b)
Start importing Assets/NPC.prefab using Guid(b6e0915cc59c32e48b491dabb3729b35) Importer(815301076,1909f56bfc062723c751e8b465ee728b)  -> (artifact id: '2d0214fd440e8606c2e4a30e9333623c') in 0.733667 seconds
Number of updated asset objects reloaded before import = 0
Number of asset objects unloaded after import = 13
========================================================================
Received Import Request.
  Time since last request: 0.000034 seconds.
  path: Assets/Player.prefab
  artifactKey: Guid(2e7c9f8e3cbd3d64793023dab6357111) Importer(815301076,1909f56bfc062723c751e8b465ee728b)
Start importing Assets/Player.prefab using Guid(2e7c9f8e3cbd3d64793023dab6357111) Importer(815301076,1909f56bfc062723c751e8b465ee728b)  -> (artifact id: '2e4727c95219cbfc6aa2edb20d2aad7f') in 0.390323 seconds
Number of updated asset objects reloaded before import = 0
Number of asset objects unloaded after import = 88
========================================================================
Received Import Request.
  Time since last request: 18.948808 seconds.
  path: Assets
  artifactKey: Guid(00000000000000001000000000000000) Importer(815301076,1909f56bfc062723c751e8b465ee728b)
Start importing Assets using Guid(00000000000000001000000000000000) Importer(815301076,1909f56bfc062723c751e8b465ee728b)  -> (artifact id: '8a4fe85251aa2e89732c359432baa2c3') in 0.001555 seconds
Number of updated asset objects reloaded before import = 0
Number of asset objects unloaded after import = 0
========================================================================
Received Import Request.
  Time since last request: 11.109049 seconds.
  path: Assets/Prefabs
  artifactKey: Guid(526bb69ab5185744181d5aabf1998c8d) Importer(815301076,1909f56bfc062723c751e8b465ee728b)
Start importing Assets/Prefabs using Guid(526bb69ab5185744181d5aabf1998c8d) Importer(815301076,1909f56bfc062723c751e8b465ee728b)  -> (artifact id: '2ba3d787efd4b3a8d11de42471604cde') in 0.000782 seconds
Number of updated asset objects reloaded before import = 0
Number of asset objects unloaded after import = 0
========================================================================
Received Import Request.
  Time since last request: 76.382095 seconds.
  path: Assets/Inventory/CloseButton.png
  artifactKey: Guid(597bed1c923bb964fb9302f5f0dbb697) Importer(815301076,1909f56bfc062723c751e8b465ee728b)
Start importing Assets/Inventory/CloseButton.png using Guid(597bed1c923bb964fb9302f5f0dbb697) Importer(815301076,1909f56bfc062723c751e8b465ee728b)  -> (artifact id: 'a642e2b0b27a6c5dd6b4dc8dbf24f273') in 0.158935 seconds
Number of updated asset objects reloaded before import = 0
Number of asset objects unloaded after import = 3
========================================================================
Received Import Request.
  Time since last request: 0.000034 seconds.
  path: Assets/Inventory/Slot.png
  artifactKey: Guid(3bd5163b1f0d7aa4d8d4875c3ef66894) Importer(815301076,1909f56bfc062723c751e8b465ee728b)
Start importing Assets/Inventory/Slot.png using Guid(3bd5163b1f0d7aa4d8d4875c3ef66894) Importer(815301076,1909f56bfc062723c751e8b465ee728b)  -> (artifact id: 'dfc460b8d8fe6379111d3294c5872f18') in 0.034728 seconds
Number of updated asset objects reloaded before import = 0
Number of asset objects unloaded after import = 3
========================================================================
Received Import Request.
  Time since last request: 7.437234 seconds.
  path: Assets/Gizmos/inventory.png
  artifactKey: Guid(fededb281bf6f46fb97ffbbe88876145) Importer(815301076,1909f56bfc062723c751e8b465ee728b)
Start importing Assets/Gizmos/inventory.png using Guid(fededb281bf6f46fb97ffbbe88876145) Importer(815301076,1909f56bfc062723c751e8b465ee728b)  -> (artifact id: 'e2f2948fe86e37bdb289b35fbdbf9aff') in 0.033336 seconds
Number of updated asset objects reloaded before import = 0
Number of asset objects unloaded after import = 2
========================================================================
Received Import Request.
  Time since last request: 0.000028 seconds.
  path: Assets/Gizmos/story.png
  artifactKey: Guid(78d977b8f15cc4f9098bf747509832c4) Importer(815301076,1909f56bfc062723c751e8b465ee728b)
Start importing Assets/Gizmos/story.png using Guid(78d977b8f15cc4f9098bf747509832c4) Importer(815301076,1909f56bfc062723c751e8b465ee728b)  -> (artifact id: '5e1ad0e55bff442861bc79e5b3eb222a') in 0.015126 seconds
Number of updated asset objects reloaded before import = 0
Number of asset objects unloaded after import = 2
========================================================================
Received Import Request.
  Time since last request: 0.235560 seconds.
  path: Assets/FreeButtonSet/background.png
  artifactKey: Guid(a093780a76b8e8c4c8b121e123d21a82) Importer(815301076,1909f56bfc062723c751e8b465ee728b)
Start importing Assets/FreeButtonSet/background.png using Guid(a093780a76b8e8c4c8b121e123d21a82) Importer(815301076,1909f56bfc062723c751e8b465ee728b)  -> (artifact id: 'e8f3d3104f9415ed190d36ba8c885cfa') in 0.105221 seconds
Number of updated asset objects reloaded before import = 0
Number of asset objects unloaded after import = 3
========================================================================
Received Import Request.
  Time since last request: 64.607521 seconds.
  path: Assets/RF Castle/decorative.png
  artifactKey: Guid(029030ab7555c8c4e95178103a2328f6) Importer(815301076,1909f56bfc062723c751e8b465ee728b)
Start importing Assets/RF Castle/decorative.png using Guid(029030ab7555c8c4e95178103a2328f6) Importer(815301076,1909f56bfc062723c751e8b465ee728b)  -> (artifact id: 'bae31e9f4f8139d2996ca036c6fe22b5') in 0.039608 seconds
Number of updated asset objects reloaded before import = 0
Number of asset objects unloaded after import = 3
========================================================================
Received Import Request.
  Time since last request: 0.000025 seconds.
  path: Assets/RF Castle/mainlevbuild.png
  artifactKey: Guid(389be3483ef26ae4886e2b0a97fdaff1) Importer(815301076,1909f56bfc062723c751e8b465ee728b)
Start importing Assets/RF Castle/mainlevbuild.png using Guid(389be3483ef26ae4886e2b0a97fdaff1) Importer(815301076,1909f56bfc062723c751e8b465ee728b)  -> (artifact id: 'ac5974bbf7166ac303fddc180bb1135c') in 0.089432 seconds
Number of updated asset objects reloaded before import = 0
Number of asset objects unloaded after import = 3
========================================================================
Received Import Request.
  Time since last request: 1.769090 seconds.
  path: Assets/RPGW_Caves/decorative.png
  artifactKey: Guid(ae9604bb7c83a7f4cb3ae2abd7a94dde) Importer(815301076,1909f56bfc062723c751e8b465ee728b)
Start importing Assets/RPGW_Caves/decorative.png using Guid(ae9604bb7c83a7f4cb3ae2abd7a94dde) Importer(815301076,1909f56bfc062723c751e8b465ee728b)  -> (artifact id: '8eb405216339058047bbeaca15406d0b') in 0.028545 seconds
Number of updated asset objects reloaded before import = 0
Number of asset objects unloaded after import = 3
========================================================================
Received Import Request.
  Time since last request: 0.000047 seconds.
  path: Assets/RPGW_Caves/New.prefab
  artifactKey: Guid(d2c602ac63d224b47b2d0fda63894cd2) Importer(815301076,1909f56bfc062723c751e8b465ee728b)
Start importing Assets/RPGW_Caves/New.prefab using Guid(d2c602ac63d224b47b2d0fda63894cd2) Importer(815301076,1909f56bfc062723c751e8b465ee728b)  -> (artifact id: '00bc38da967cc6496e14fe7d9e06df47') in 5.122647 seconds
Number of updated asset objects reloaded before import = 0
Number of asset objects unloaded after import = 1587
========================================================================
Received Import Request.
  Time since last request: 0.000029 seconds.
  path: Assets/Scenes/EarthScreen.unity
  artifactKey: Guid(a8d5ace1363bc9149b46b1d1e0207fda) Importer(815301076,1909f56bfc062723c751e8b465ee728b)
Start importing Assets/Scenes/EarthScreen.unity using Guid(a8d5ace1363bc9149b46b1d1e0207fda) Importer(815301076,1909f56bfc062723c751e8b465ee728b)  -> (artifact id: 'dfb30fcd9709c3e986e2853e272749ad') in 0.001065 seconds
Number of updated asset objects reloaded before import = 0
Number of asset objects unloaded after import = 0
========================================================================
Received Import Request.
  Time since last request: 0.000061 seconds.
  path: Assets/RPGW_Caves/MainLev2.0.png
  artifactKey: Guid(7b978bd92f104204c86a69f46240f5c3) Importer(815301076,1909f56bfc062723c751e8b465ee728b)
Start importing Assets/RPGW_Caves/MainLev2.0.png using Guid(7b978bd92f104204c86a69f46240f5c3) Importer(815301076,1909f56bfc062723c751e8b465ee728b)  -> (artifact id: 'b86bb280a47e06186f9c1d59e39871d3') in 1.267193 seconds
Number of updated asset objects reloaded before import = 0
Number of asset objects unloaded after import = 527
========================================================================
Received Prepare
Refreshing native plugins compatible for Editor in 4.45 ms, found 4 plugins.
Preloading 0 native plugins for Editor in 0.00 ms.
Unloading 7 Unused Serialized files (Serialized files now loaded: 0)
Unloading 8 unused Assets / (0.5 MB). Loaded Objects now: 6189.
Memory consumption went from 105.4 MB to 104.8 MB.
Total: 23.264200 ms (FindLiveObjects: 0.692200 ms CreateObjectMapping: 0.205700 ms MarkObjects: 22.001700 ms  DeleteObjects: 0.362700 ms)

Prepare: number of updated asset objects reloaded= 0
AssetImportParameters requested are different than current active one (requested -> active):
  custom:container-demuxer-ogg: 62fdf1f143b41e24485cea50d1cbac27 -> 
  custom:video-decoder-ogg-theora: a1e56fd34408186e4bbccfd4996cb3dc -> 
  custom:framework-win-MediaFoundation: 216162199b28c13a410421893ffa2e32 -> 
  custom:CustomObjectIndexerAttribute: a3ef5dd2817f97addfee359851a9dba5 -> 
  custom:container-demuxer-webm: 4f35f7cbe854078d1ac9338744f61a02 -> 
  custom:container-muxer-webm: aa71ff27fc2769a1b78a27578f13a17b -> 
  custom:video-decoder-webm-vp8: 9c59270c3fd7afecdb556c50c9e8de78 -> 
  custom:SearchIndexIgnoredProperties: e643bd26f0fe6173181afceb89e7c659 -> 
  custom:AudioImporter_EditorPlatform: d09bf68614088b80899f8185d706f6e7 -> 
  custom:video-encoder-webm-vp8: eb34c28f22e8b96e1ab97ce403110664 -> 
  custom:audio-decoder-ogg-vorbis: bf7c407c2cedff20999df2af8eb42d56 -> 
  custom:audio-encoder-webm-vorbis: bf7c407c2cedff20999df2af8eb42d56 -> 
