
=== Fri Nov  3 19:52:25 2023

Packages were changed.
Update Mode: mergeDefaultDependencies

The following packages were added:
  com.unity.modules.ai@1.0.0
  com.unity.modules.androidjni@1.0.0
  com.unity.modules.animation@1.0.0
  com.unity.modules.assetbundle@1.0.0
  com.unity.modules.audio@1.0.0
  com.unity.modules.cloth@1.0.0
  com.unity.modules.director@1.0.0
  com.unity.modules.imageconversion@1.0.0
  com.unity.modules.imgui@1.0.0
  com.unity.modules.jsonserialize@1.0.0
  com.unity.modules.particlesystem@1.0.0
  com.unity.modules.physics@1.0.0
  com.unity.modules.physics2d@1.0.0
  com.unity.modules.screencapture@1.0.0
  com.unity.modules.terrain@1.0.0
  com.unity.modules.terrainphysics@1.0.0
  com.unity.modules.tilemap@1.0.0
  com.unity.modules.ui@1.0.0
  com.unity.modules.uielements@1.0.0
  com.unity.modules.umbra@1.0.0
  com.unity.modules.unityanalytics@1.0.0
  com.unity.modules.unitywebrequest@1.0.0
  com.unity.modules.unitywebrequestassetbundle@1.0.0
  com.unity.modules.unitywebrequestaudio@1.0.0
  com.unity.modules.unitywebrequesttexture@1.0.0
  com.unity.modules.unitywebrequestwww@1.0.0
  com.unity.modules.vehicles@1.0.0
  com.unity.modules.video@1.0.0
  com.unity.modules.vr@1.0.0
  com.unity.modules.wind@1.0.0
  com.unity.modules.xr@1.0.0
The following packages were updated:
  com.unity.collab-proxy from version 2.0.0 to 2.0.7
  com.unity.feature.2d from version 1.0.0 to 2.0.0
  com.unity.ide.rider from version 3.0.18 to 3.0.24
  com.unity.ide.visualstudio from version 2.0.17 to 2.0.18
  com.unity.timeline from version 1.7.3 to 1.7.5
  com.unity.visualscripting from version 1.8.0 to 1.9.0

=== Fri Nov 17 18:16:57 2023

Packages were changed.
Update Mode: updateDependencies

The following packages were updated:
  com.unity.2d.common from version 6.0.6 to 8.0.1
  com.unity.2d.psdimporter from version 6.0.6 to 8.0.2
  com.unity.2d.tilemap.extras from version 2.2.3 to 3.1.1
  com.unity.collab-proxy from version 1.17.2 to 2.0.7
  com.unity.feature.2d from version 1.0.0 to 2.0.0
  com.unity.ide.visualstudio from version 2.0.16 to 2.0.18
  com.unity.render-pipelines.universal from version 12.1.7 to 14.0.8
  com.unity.timeline from version 1.6.4 to 1.7.5

=== Fri Nov 17 18:16:57 2023

Packages were changed.
Update Mode: mergeDefaultDependencies

The following packages were added:
  com.unity.2d.common@8.0.1
  com.unity.2d.psdimporter@8.0.2
  com.unity.2d.sprite@1.0.0
  com.unity.2d.tilemap@1.0.0
  com.unity.2d.tilemap.extras@3.1.1
  com.unity.ide.vscode@1.2.5
  com.unity.render-pipelines.universal@14.0.8

=== Fri Nov 24 09:45:42 2023

Packages were changed.
Update Mode: updateDependencies

The following packages were updated:
  com.unity.2d.common from version 6.0.6 to 8.0.1
  com.unity.2d.psdimporter from version 6.0.6 to 8.0.2
  com.unity.2d.tilemap.extras from version 2.2.3 to 3.1.1
  com.unity.collab-proxy from version 1.17.2 to 2.0.7
  com.unity.feature.2d from version 1.0.0 to 2.0.0
  com.unity.ide.visualstudio from version 2.0.16 to 2.0.18
  com.unity.render-pipelines.universal from version 12.1.7 to 14.0.8
  com.unity.timeline from version 1.6.4 to 1.7.5

=== Fri Nov 24 09:49:37 2023

Packages were changed.
Update Mode: updateDependencies

The following packages were updated:
  com.unity.2d.common from version 6.0.6 to 8.0.1
  com.unity.2d.psdimporter from version 6.0.6 to 8.0.2
  com.unity.2d.tilemap.extras from version 2.2.3 to 3.1.1
  com.unity.collab-proxy from version 1.17.2 to 2.0.7
  com.unity.feature.2d from version 1.0.0 to 2.0.0
  com.unity.ide.visualstudio from version 2.0.16 to 2.0.18
  com.unity.render-pipelines.universal from version 12.1.7 to 14.0.8
  com.unity.timeline from version 1.6.4 to 1.7.5

=== Fri Nov 24 09:52:19 2023

Packages were changed.
Update Mode: updateDependencies

The following packages were updated:
  com.unity.2d.common from version 6.0.6 to 8.0.1
  com.unity.2d.psdimporter from version 6.0.6 to 8.0.2
  com.unity.2d.tilemap.extras from version 2.2.3 to 3.1.1
  com.unity.collab-proxy from version 1.17.2 to 2.0.7
  com.unity.feature.2d from version 1.0.0 to 2.0.0
  com.unity.ide.visualstudio from version 2.0.16 to 2.0.18
  com.unity.render-pipelines.universal from version 12.1.7 to 14.0.8
  com.unity.timeline from version 1.6.4 to 1.7.5

=== Fri Nov 24 09:52:35 2023

Packages were changed.
Update Mode: updateDependencies

The following packages were updated:
  com.unity.2d.common from version 6.0.6 to 8.0.1
  com.unity.2d.psdimporter from version 6.0.6 to 8.0.2
  com.unity.2d.tilemap.extras from version 2.2.3 to 3.1.1
  com.unity.collab-proxy from version 1.17.2 to 2.0.7
  com.unity.feature.2d from version 1.0.0 to 2.0.0
  com.unity.ide.visualstudio from version 2.0.16 to 2.0.18
  com.unity.render-pipelines.universal from version 12.1.7 to 14.0.8
  com.unity.timeline from version 1.6.4 to 1.7.5

=== Sun Dec 10 09:06:35 2023

Packages were changed.
Update Mode: updateDependencies

The following packages were updated:
  com.unity.2d.common from version 6.0.6 to 8.0.1
  com.unity.2d.psdimporter from version 6.0.6 to 8.0.2
  com.unity.2d.tilemap.extras from version 2.2.3 to 3.1.1
  com.unity.collab-proxy from version 1.17.2 to 2.0.7
  com.unity.feature.2d from version 1.0.0 to 2.0.0
  com.unity.ide.visualstudio from version 2.0.16 to 2.0.18
  com.unity.render-pipelines.universal from version 12.1.7 to 14.0.8
  com.unity.timeline from version 1.6.4 to 1.7.5
